<?xml version="1.0" encoding="UTF-8"?>
<!-- Generated by org.testng.reporters.JUnitXMLReporter -->
<testsuite ignored="0" hostname="INVCH-LTM-063" failures="0" tests="0" time="0.018" errors="0" timestamp="2023-10-15T02:11:59 IST">
  <testcase classname="testing.ParalelTC" name="@BeforeSuite teststart" time="0.01">
    <failure type="java.lang.NullPointerException">
      <![CDATA[java.lang.NullPointerException
at testing.ParalelTC.teststart(ParalelTC.java:13)
... Removed 19 stack frames]]>
    </failure>
  </testcase> <!-- @BeforeSuite teststart -->
</testsuite>
