<?xml version="1.0" encoding="UTF-8"?>
<!-- Generated by org.testng.reporters.JUnitXMLReporter -->
<testsuite ignored="9" hostname="INVCH-LTM-063" failures="2" tests="2" name="Test" time="0.056" errors="0" timestamp="2023-10-15T01:41:30 IST">
  <testcase classname="testing.TestNNNg" name="testMultiplyPositive" time="0.009">
    <failure type="java.lang.NullPointerException">
      <![CDATA[java.lang.NullPointerException
at testing.TestNNNg.testMultiplyPositive(TestNNNg.java:44)
at java.base/java.util.ArrayList.forEach(ArrayList.java:1541)
... Removed 27 stack frames]]>
    </failure>
  </testcase> <!-- testMultiplyPositive -->
  <testcase classname="testing.TestNNNg" name="testSubtractNegative" time="0.001">
    <failure type="java.lang.NullPointerException">
      <![CDATA[java.lang.NullPointerException
at testing.TestNNNg.testSubtractNegative(TestNNNg.java:39)
at java.base/java.util.ArrayList.forEach(ArrayList.java:1541)
... Removed 27 stack frames]]>
    </failure>
  </testcase> <!-- testSubtractNegative -->
  <testcase classname="testing.TestNNNg" name="testDivideByZeroWithNegativeOperand" time="0.0">
    <ignored/>
  </testcase> <!-- testDivideByZeroWithNegativeOperand -->
  <testcase classname="testing.TestNNNg" name="testAddPositive" time="0.0">
    <ignored/>
  </testcase> <!-- testAddPositive -->
  <testcase classname="testing.TestNNNg" name="testAdd" time="0.0">
    <ignored/>
  </testcase> <!-- testAdd -->
  <testcase classname="testing.TestNNNg" name="testDivideByZero" time="0.0">
    <ignored/>
  </testcase> <!-- testDivideByZero -->
  <testcase classname="testing.TestNNNg" name="testSubtractPositive" time="0.0">
    <ignored/>
  </testcase> <!-- testSubtractPositive -->
  <testcase classname="testing.TestNNNg" name="testMultiplyNegative" time="0.0">
    <ignored/>
  </testcase> <!-- testMultiplyNegative -->
  <testcase classname="testing.TestNNNg" name="testDividePositive" time="0.0">
    <ignored/>
  </testcase> <!-- testDividePositive -->
  <testcase classname="testing.TestNNNg" name="testAddNegative" time="0.0">
    <ignored/>
  </testcase> <!-- testAddNegative -->
  <testcase classname="testing.TestNNNg" name="test1DivideByZero" time="0.0">
    <ignored/>
  </testcase> <!-- test1DivideByZero -->
</testsuite> <!-- Test -->
