<?xml version="1.0" encoding="UTF-8"?>
<testng-results ignored="3" total="5" passed="2" failed="0" skipped="0">
  <reporter-output>
  </reporter-output>
  <suite started-at="2023-10-12T16:28:57Z" name="Suite" finished-at="2023-10-12T16:28:57Z" duration-ms="27">
    <groups>
      <group name="regression">
        <method signature="TestngInc.testing3()[pri:0, instance:testngcom.TestngInc@225129c]" name="testing3" class="testngcom.TestngInc"/>
        <method signature="TestngInc.testing4()[pri:0, instance:testngcom.TestngInc@225129c]" name="testing4" class="testngcom.TestngInc"/>
      </group> <!-- regression -->
    </groups>
    <test started-at="2023-10-12T16:28:57Z" name="Test" finished-at="2023-10-12T16:28:57Z" duration-ms="27">
      <class name="testngcom.TestngInc">
        <test-method signature="testing3()[pri:0, instance:testngcom.TestngInc@225129c]" started-at="2023-10-12T16:28:57Z" name="testing3" finished-at="2023-10-12T16:28:57Z" duration-ms="8" status="PASS">
          <reporter-output>
          </reporter-output>
        </test-method> <!-- testing3 -->
        <test-method signature="testing4()[pri:0, instance:testngcom.TestngInc@225129c]" started-at="2023-10-12T16:28:57Z" name="testing4" finished-at="2023-10-12T16:28:57Z" duration-ms="1" status="PASS">
          <reporter-output>
          </reporter-output>
        </test-method> <!-- testing4 -->
      </class> <!-- testngcom.TestngInc -->
    </test> <!-- Test -->
  </suite> <!-- Suite -->
</testng-results>
