<?xml version="1.0" encoding="UTF-8"?>
<!-- Generated by org.testng.reporters.JUnitXMLReporter -->
<testsuite ignored="3" hostname="EPINCHEW016A" failures="0" tests="2" name="Test" time="0.027" errors="0" timestamp="12 Oct 2023 16:28:57 GMT">
  <testcase classname="testngcom.TestngInc" name="testing3" time="0.008"/>
  <testcase classname="testngcom.TestngInc" name="testing4" time="0.001"/>
  <testcase classname="testngcom.TestngInc" name="testing" time="0.0">
    <ignored/>
  </testcase> <!-- testing -->
  <testcase classname="testngcom.TestngInc" name="testing1" time="0.0">
    <ignored/>
  </testcase> <!-- testing1 -->
  <testcase classname="testngcom.TestngInc" name="testing2" time="0.0">
    <ignored/>
  </testcase> <!-- testing2 -->
</testsuite> <!-- Test -->
