<?xml version="1.0" encoding="UTF-8"?>
<testng-results ignored="0" total="1" passed="1" failed="0" skipped="0">
  <reporter-output>
  </reporter-output>
  <suite started-at="2023-10-16T11:01:58 IST" name="Suite" finished-at="2023-10-16T11:01:58 IST" duration-ms="36">
    <groups>
    </groups>
    <test started-at="2023-10-16T11:01:58 IST" name="Teste1" finished-at="2023-10-16T11:01:58 IST" duration-ms="36">
      <class name="testing.ParalelTC">
        <test-method is-config="true" signature="teststart()[pri:0, instance:testing.ParalelTC@4a7f959b]" started-at="2023-10-16T11:01:58 IST" name="teststart" finished-at="2023-10-16T11:01:58 IST" duration-ms="205" status="PASS">
          <reporter-output>
          </reporter-output>
        </test-method> <!-- teststart -->
        <test-method signature="Paralel()[pri:0, instance:testing.ParalelTC@4a7f959b]" started-at="2023-10-16T11:01:58 IST" name="Paralel" finished-at="2023-10-16T11:01:58 IST" duration-ms="10" status="PASS">
          <reporter-output>
          </reporter-output>
        </test-method> <!-- Paralel -->
        <test-method is-config="true" signature="testEnd()[pri:0, instance:testing.ParalelTC@4a7f959b]" started-at="2023-10-16T11:01:58 IST" name="testEnd" finished-at="2023-10-16T11:01:58 IST" duration-ms="2" status="PASS">
          <reporter-output>
          </reporter-output>
        </test-method> <!-- testEnd -->
      </class> <!-- testing.ParalelTC -->
    </test> <!-- Teste1 -->
  </suite> <!-- Suite -->
</testng-results>
